2025-02-09 17:12:28.349 [info] Tools environment: GOPATH=/home/davelopef/go, GOTOOLCHAIN=auto
2025-02-09 17:12:28.349 [info] Installing 2 tools at /home/davelopef/go/bin
2025-02-09 17:12:28.349 [info]   gopls
2025-02-09 17:12:28.349 [info]   staticcheck
2025-02-09 17:12:28.349 [info] 
2025-02-09 17:12:53.518 [info] Installing golang.org/x/tools/gopls@latest (/home/davelopef/go/bin/gopls) SUCCEEDED
2025-02-09 17:12:59.295 [info] Installing honnef.co/go/tools/cmd/staticcheck@latest (/home/davelopef/go/bin/staticcheck) SUCCEEDED
2025-02-09 17:12:59.297 [info] 
2025-02-09 17:12:59.297 [info] All tools successfully installed. You are ready to Go. :)
2025-02-09 17:12:59.365 [info] Try to start language server - activation (enabled: true)
2025-02-09 17:12:59.423 [info] Running language server gopls(v0.17.1/go1.23.6)
2025-02-09 17:19:55.835 [info] Running checks...
2025-02-09 17:19:55.835 [info] Starting linting the current package at /home/davelopef/testgo
2025-02-09 17:19:57.342 [info] /home/davelopef/testgo>Finished running tool: /home/davelopef/go/bin/staticcheck
2025-02-09 17:19:57.342 [info] 
2025-02-09 18:45:15.198 [info] Running checks...
2025-02-09 18:45:15.198 [info] Starting linting the current package at /home/davelopef/testgo
2025-02-09 18:45:15.308 [info] /home/davelopef/testgo>Finished running tool: /home/davelopef/go/bin/staticcheck
2025-02-09 18:45:15.308 [info] 
2025-02-09 18:45:40.357 [info] Running checks...
2025-02-09 18:45:40.357 [info] Starting linting the current package at /home/davelopef/testgo
2025-02-09 18:45:40.472 [info] /home/davelopef/testgo>Finished running tool: /home/davelopef/go/bin/staticcheck
2025-02-09 18:45:40.472 [info] 
2025-02-09 18:46:12.974 [info] Running checks...
2025-02-09 18:46:12.974 [info] Starting linting the current package at /home/davelopef/testgo
2025-02-09 18:46:13.065 [info] Running checks...
2025-02-09 18:46:13.065 [info] Starting linting the current package at /home/davelopef/testgo
2025-02-09 18:46:13.082 [info] /home/davelopef/testgo>Finished running tool: /home/davelopef/go/bin/staticcheck
2025-02-09 18:46:13.082 [info] 
2025-02-09 18:46:13.161 [info] /home/davelopef/testgo>Finished running tool: /home/davelopef/go/bin/staticcheck
2025-02-09 18:46:13.161 [info] 
