2025-02-09 16:28:18.703 [info] Extension host with pid 157571 started
2025-02-09 16:28:18.828 [info] ExtensionService#_doActivateExtension vscode.github-authentication, startup: false, activationEvent: 'onAuthenticationRequest:github'
2025-02-09 16:28:18.916 [info] ExtensionService#_doActivateExtension vscode.git-base, startup: true, activationEvent: '*', root cause: vscode.git
2025-02-09 16:28:18.923 [info] ExtensionService#_doActivateExtension vscode.git, startup: true, activationEvent: '*'
2025-02-09 16:28:18.995 [info] ExtensionService#_doActivateExtension vscode.github, startup: true, activationEvent: '*'
2025-02-09 16:28:19.103 [info] Eager extensions activated
2025-02-09 16:28:19.172 [info] ExtensionService#_doActivateExtension vscode.debug-auto-launch, startup: false, activationEvent: 'onStartupFinished'
2025-02-09 16:28:19.175 [info] ExtensionService#_doActivateExtension vscode.merge-conflict, startup: false, activationEvent: 'onStartupFinished'
2025-02-09 16:28:19.195 [info] ExtensionService#_doActivateExtension Catppuccin.catppuccin-vsc-icons, startup: false, activationEvent: 'onStartupFinished'
2025-02-09 16:28:19.281 [info] ExtensionService#_doActivateExtension vadimcn.vscode-lldb, startup: false, activationEvent: 'onStartupFinished'
2025-02-09 17:12:22.842 [info] Extension host terminating: renderer closed the MessagePort
2025-02-09 17:12:22.871 [info] Extension host with pid 157571 exiting with code 0
2025-02-09 17:12:24.220 [info] Extension host with pid 176944 started
2025-02-09 17:12:24.220 [info] Skipping acquiring lock for /home/davelopef/.config/Code/User/workspaceStorage/e64dc39edd7477c3aa8bd666497ef8cc.
2025-02-09 17:12:24.257 [info] ExtensionService#_doActivateExtension vscode.github-authentication, startup: false, activationEvent: 'onAuthenticationRequest:github'
2025-02-09 17:12:24.331 [info] ExtensionService#_doActivateExtension vscode.git-base, startup: true, activationEvent: '*'
2025-02-09 17:12:24.386 [info] ExtensionService#_doActivateExtension vscode.github, startup: true, activationEvent: '*'
2025-02-09 17:12:24.448 [info] Eager extensions activated
2025-02-09 17:12:24.474 [info] ExtensionService#_doActivateExtension vscode.debug-auto-launch, startup: false, activationEvent: 'onStartupFinished'
2025-02-09 17:12:24.479 [info] ExtensionService#_doActivateExtension vscode.merge-conflict, startup: false, activationEvent: 'onStartupFinished'
2025-02-09 17:12:26.196 [info] ExtensionService#_doActivateExtension vscode.git, startup: false, activationEvent: 'api', root cause: vscode.github
2025-02-09 17:12:26.359 [info] ExtensionService#_doActivateExtension Catppuccin.catppuccin-vsc-icons, startup: false, activationEvent: 'onStartupFinished'
2025-02-09 17:12:26.445 [info] ExtensionService#_doActivateExtension vadimcn.vscode-lldb, startup: false, activationEvent: 'onStartupFinished'
2025-02-09 17:12:26.534 [info] ExtensionService#_doActivateExtension fill-labs.dependi, startup: false, activationEvent: 'workspaceContains:**/Cargo.toml,**/go.mod,**/package.json,**/composer.json,**/requirements.txt,**/pyproject.toml'
2025-02-09 17:12:28.062 [info] ExtensionService#_doActivateExtension golang.go, startup: false, activationEvent: 'onLanguage:go.mod'
2025-02-09 17:12:28.189 [info] ExtensionService#_doActivateExtension vscode.emmet, startup: false, activationEvent: 'onLanguage'
2025-02-09 17:18:17.679 [info] ExtensionService#_doActivateExtension vscode.npm, startup: false, activationEvent: 'onTerminalQuickFixRequest:ms-vscode.npm-command'
2025-02-09 19:13:49.345 [info] Extension host terminating: renderer closed the MessagePort
2025-02-09 19:13:49.391 [info] Extension host with pid 176944 exiting with code 0
