2025-02-09 16:10:28.357 [info] Experiment 'pythonRecommendTensorboardExt' is active
2025-02-09 16:10:28.358 [info] Experiment 'pythonTerminalEnvVarActivation' is active
2025-02-09 16:10:28.358 [info] Experiment 'pythonTestAdapter' is active
2025-02-09 16:10:28.402 [info] Starting Environment refresh
2025-02-09 16:10:28.402 [info] Searching for interpreters in posix paths locator
2025-02-09 16:10:28.407 [info] Searching for pyenv environments
2025-02-09 16:10:28.407 [info] Searching for conda environments
2025-02-09 16:10:28.408 [info] Searching for global virtual environments
2025-02-09 16:10:28.408 [info] Searching for custom virtual environments
2025-02-09 16:10:28.412 [info] pyenv is not installed
2025-02-09 16:10:28.412 [info] Finished searching for pyenv environments: 9 milliseconds
2025-02-09 16:10:28.412 [info] Finished searching for custom virtual envs: 8 milliseconds
2025-02-09 16:10:28.421 [info] > conda info --json
2025-02-09 16:10:28.425 [info] Finished searching for global virtual envs: 21 milliseconds
2025-02-09 16:10:28.437 [info] Found: /bin/python --> /bin/python3.13
2025-02-09 16:10:28.437 [info] Found: /bin/python3 --> /bin/python3.13
2025-02-09 16:10:28.438 [info] Found: /bin/python3.13 --> /bin/python3.13
2025-02-09 16:10:28.476 [info] Found: /sbin/python --> /sbin/python3.13
2025-02-09 16:10:28.478 [info] Found: /sbin/python3 --> /sbin/python3.13
2025-02-09 16:10:28.478 [info] Found: /sbin/python3.13 --> /sbin/python3.13
2025-02-09 16:10:28.486 [info] Found: /usr/bin/python --> /usr/bin/python3.13
2025-02-09 16:10:28.486 [info] Found: /usr/bin/python3 --> /usr/bin/python3.13
2025-02-09 16:10:28.487 [info] Found: /usr/bin/python3.13 --> /usr/bin/python3.13
2025-02-09 16:10:28.537 [info] Found: /usr/sbin/python --> /usr/sbin/python3.13
2025-02-09 16:10:28.537 [info] Found: /usr/sbin/python3 --> /usr/sbin/python3.13
2025-02-09 16:10:28.537 [info] Found: /usr/sbin/python3.13 --> /usr/sbin/python3.13
2025-02-09 16:10:28.557 [info] > /bin/python -I ~/.vscode/extensions/ms-python.python-2025.0.0-linux-x64/python_files/get_output_via_markers.py ~/.vscode/extensions/ms-python.python-2025.0.0-linux-x64/python_files/interpreterInfo.py
2025-02-09 16:10:28.572 [info] > /sbin/python -I ~/.vscode/extensions/ms-python.python-2025.0.0-linux-x64/python_files/get_output_via_markers.py ~/.vscode/extensions/ms-python.python-2025.0.0-linux-x64/python_files/interpreterInfo.py
2025-02-09 16:10:28.578 [info] Finished searching for interpreters in posix paths locator: 177 milliseconds
2025-02-09 16:10:28.583 [info] Environments refresh paths discovered (event): 182 milliseconds
2025-02-09 16:10:28.583 [info] Environments refresh paths discovered: 182 milliseconds
2025-02-09 16:10:28.647 [info] > /usr/bin/python -I ~/.vscode/extensions/ms-python.python-2025.0.0-linux-x64/python_files/get_output_via_markers.py ~/.vscode/extensions/ms-python.python-2025.0.0-linux-x64/python_files/interpreterInfo.py
2025-02-09 16:10:28.663 [info] > /usr/sbin/python -I ~/.vscode/extensions/ms-python.python-2025.0.0-linux-x64/python_files/get_output_via_markers.py ~/.vscode/extensions/ms-python.python-2025.0.0-linux-x64/python_files/interpreterInfo.py
2025-02-09 16:10:28.698 [info] Environments refresh finished (event): 297 milliseconds
2025-02-09 16:10:28.706 [info] Environment refresh took 306 milliseconds
2025-02-09 16:10:28.711 [info] Python interpreter path: /bin/python
2025-02-09 16:10:29.108 [info] Shell integration status changed, can confirm it's working.
2025-02-09 16:10:30.766 [info] Starting Pylance language server.
