2025-02-09 16:28:19.111 [info] [main] Log level: Info
2025-02-09 16:28:19.111 [info] [main] Validating found git in: "git"
2025-02-09 16:28:19.111 [info] [main] Using git "2.48.1" from "git"
2025-02-09 16:28:19.111 [info] [Model][doInitialScan] Initial repository scan started
2025-02-09 16:28:19.111 [info] [Model][doInitialScan] Initial repository scan completed - repositories (0), closed repositories (0), parent repositories (0), unsafe repositories (0)
2025-02-09 17:12:26.522 [info] [main] Log level: Info
2025-02-09 17:12:26.522 [info] [main] Validating found git in: "git"
2025-02-09 17:12:26.522 [info] [main] Using git "2.48.1" from "git"
2025-02-09 17:12:26.522 [info] [Model][doInitialScan] Initial repository scan started
2025-02-09 17:12:26.522 [info] > git rev-parse --show-toplevel [2ms]
2025-02-09 17:12:26.522 [info] fatal: not a git repository (or any of the parent directories): .git
2025-02-09 17:12:26.522 [info] [Model][doInitialScan] Initial repository scan completed - repositories (0), closed repositories (0), parent repositories (0), unsafe repositories (0)
2025-02-09 17:12:26.526 [info] > git rev-parse --show-toplevel [5ms]
2025-02-09 17:12:26.526 [info] fatal: not a git repository (or any of the parent directories): .git
2025-02-09 17:12:27.537 [info] > git rev-parse --show-toplevel [3ms]
2025-02-09 17:12:27.538 [info] fatal: not a git repository (or any of the parent directories): .git
2025-02-09 17:12:27.996 [info] > git rev-parse --show-toplevel [2ms]
2025-02-09 17:12:27.996 [info] fatal: not a git repository (or any of the parent directories): .git
2025-02-09 17:12:34.211 [info] > git rev-parse --show-toplevel [2ms]
2025-02-09 17:12:34.211 [info] fatal: not a git repository (or any of the parent directories): .git
2025-02-09 17:12:56.891 [info] > git rev-parse --show-toplevel [1ms]
2025-02-09 17:12:56.891 [info] fatal: not a git repository (or any of the parent directories): .git
2025-02-09 17:15:34.457 [info] > git rev-parse --show-toplevel [2ms]
2025-02-09 17:15:34.457 [info] fatal: not a git repository (or any of the parent directories): .git
