[Info  - 5:12:59 PM] 2025/02/09 17:12:59 Created View (#1)
	directory=/home/davelopef/testgo
	view_type="GoMod"
	root_dir="file:///home/davelopef/testgo"
	go_version="go version go1.23.6 linux/amd64"
	build_flags=[]
	env={GOOS:linux GOARCH:amd64 GOCACHE:/home/davelopef/.cache/go-build GOMODCACHE:/home/davelopef/go/pkg/mod GOPATH:/home/davelopef/go GOPRIVATE: GOFLAGS: GO111MODULE: GOTOOLCHAIN:auto GOROOT:/usr/lib/go GoVersion:23 GoVersionOutput:go version go1.23.6 linux/amd64
 ExplicitGOWORK: EffectiveGOPACKAGESDRIVER:}
	env_overlay=[]

[Info  - 5:12:59 PM] 2025/02/09 17:12:59 go/packages.Load #1
	view_id="1"
	snapshot=0
	directory=/home/davelopef/testgo
	query=[/home/davelopef/testgo/... builtin]
	packages=2
	duration=36.488969ms

[Info  - 5:13:08 PM] 2025/02/09 17:13:08 go/packages.Load #4
	view_id="1"
	snapshot=8
	directory=/home/davelopef/testgo
	query=[file=/home/davelopef/testgo/test.go]
	packages=1
	duration=121.21032ms

[Info  - 5:13:08 PM] 2025/02/09 17:13:08 go/packages.Load #3
	view_id="1"
	snapshot=8
	directory=/home/davelopef/testgo
	query=[file=/home/davelopef/testgo/test.go]
	packages=1
	duration=155.010632ms

[Error - 5:13:11 PM] 2025/02/09 17:13:11 imports fixes: allImportsFixes: /home/davelopef/testgo/test.go:3:7: expected ';', found 'EOF' (and 1 more errors)
	file="/home/davelopef/testgo/test.go"

[Error - 5:13:13 PM] 2025/02/09 17:13:13 imports fixes: allImportsFixes: /home/davelopef/testgo/test.go:3:9: missing import path
	file="/home/davelopef/testgo/test.go"

[Error - 5:13:14 PM] 2025/02/09 17:13:14 imports fixes: allImportsFixes: /home/davelopef/testgo/test.go:3:10: missing import path
	file="/home/davelopef/testgo/test.go"

[Error - 5:13:15 PM] 2025/02/09 17:13:15 imports fixes: allImportsFixes: /home/davelopef/testgo/test.go:3:11: missing import path
	file="/home/davelopef/testgo/test.go"

[Info  - 5:13:19 PM] 2025/02/09 17:13:19 go/packages.Load #5
	view_id="1"
	snapshot=24
	directory=/home/davelopef/testgo
	query=[file=/home/davelopef/testgo/test.go]
	packages=1
	duration=53.694909ms

[Info  - 5:13:19 PM] 2025/02/09 17:13:19 go/packages.Load #6
	view_id="1"
	snapshot=24
	directory=/home/davelopef/testgo
	query=[file=/home/davelopef/testgo/test.go]
	packages=1
	duration=43.797785ms

[Info  - 5:13:29 PM] 2025/02/09 17:13:29 background imports cache refresh starting

[Info  - 5:13:29 PM] 2025/02/09 17:13:29 background refresh finished after 45.133237ms

[Info  - 5:15:19 PM] 2025/02/09 17:15:19 go/packages.Load #7
	view_id="1"
	snapshot=26
	directory=/home/davelopef/testgo
	query=[file=/home/davelopef/testgo/test.go]
	packages=1
	duration=53.824415ms

[Info  - 5:15:19 PM] 2025/02/09 17:15:19 go/packages.Load #8
	view_id="1"
	snapshot=26
	directory=/home/davelopef/testgo
	query=[file=/home/davelopef/testgo/test.go]
	packages=1
	duration=43.775163ms

[Info  - 5:15:19 PM] 2025/02/09 17:15:19 go/packages.Load #9
	view_id="1"
	snapshot=27
	directory=/home/davelopef/testgo
	query=[file=/home/davelopef/testgo/test.go]
	packages=1
	duration=60.535748ms

[Info  - 5:15:19 PM] 2025/02/09 17:15:19 go/packages.Load #10
	view_id="1"
	snapshot=27
	directory=/home/davelopef/testgo
	query=[file=/home/davelopef/testgo/test.go]
	packages=1
	duration=50.717665ms

[Info  - 5:15:19 PM] 2025/02/09 17:15:19 go/packages.Load #12
	view_id="1"
	snapshot=28
	directory=/home/davelopef/testgo
	query=[file=/home/davelopef/testgo/test.go]
	packages=1
	duration=160.913683ms

[Info  - 5:15:19 PM] 2025/02/09 17:15:19 go/packages.Load #11
	view_id="1"
	snapshot=28
	directory=/home/davelopef/testgo
	query=[file=/home/davelopef/testgo/test.go]
	packages=1
	duration=192.496871ms

[Info  - 5:15:47 PM] 2025/02/09 17:15:47 background imports cache refresh starting

[Info  - 5:15:47 PM] 2025/02/09 17:15:47 background refresh finished after 1.815432ms

[Error - 5:17:40 PM] 2025/02/09 17:17:40 imports fixes: allImportsFixes: /home/davelopef/testgo/test.go:5:1: expected declaration, found f
	file="/home/davelopef/testgo/test.go"

[Error - 5:17:40 PM] 2025/02/09 17:17:40 imports fixes: allImportsFixes: /home/davelopef/testgo/test.go:5:1: expected declaration, found fu
	file="/home/davelopef/testgo/test.go"

[Error - 5:17:40 PM] 2025/02/09 17:17:40 imports fixes: allImportsFixes: /home/davelopef/testgo/test.go:5:1: expected declaration, found fun
	file="/home/davelopef/testgo/test.go"

[Error - 5:17:40 PM] 2025/02/09 17:17:40 imports fixes: allImportsFixes: /home/davelopef/testgo/test.go:5:5: expected '(', found 'EOF' (and 3 more errors)
	file="/home/davelopef/testgo/test.go"

[Error - 5:17:41 PM] 2025/02/09 17:17:41 imports fixes: allImportsFixes: /home/davelopef/testgo/test.go:5:5: expected '(', found 'EOF' (and 3 more errors)
	file="/home/davelopef/testgo/test.go"

[Error - 5:17:41 PM] 2025/02/09 17:17:41 imports fixes: allImportsFixes: /home/davelopef/testgo/test.go:5:6: expected '(', found 'EOF' (and 3 more errors)
	file="/home/davelopef/testgo/test.go"

[Error - 5:17:41 PM] 2025/02/09 17:17:41 imports fixes: allImportsFixes: /home/davelopef/testgo/test.go:5:7: expected '(', found newline (and 2 more errors)
	file="/home/davelopef/testgo/test.go"

[Error - 5:17:41 PM] 2025/02/09 17:17:41 imports fixes: allImportsFixes: /home/davelopef/testgo/test.go:5:8: expected '(', found newline (and 2 more errors)
	file="/home/davelopef/testgo/test.go"

[Error - 5:17:41 PM] 2025/02/09 17:17:41 imports fixes: allImportsFixes: /home/davelopef/testgo/test.go:5:9: expected '(', found newline (and 2 more errors)
	file="/home/davelopef/testgo/test.go"

[Error - 5:17:42 PM] 2025/02/09 17:17:42 imports fixes: allImportsFixes: /home/davelopef/testgo/test.go:5:10: expected '(', found newline (and 2 more errors)
	file="/home/davelopef/testgo/test.go"

[Error - 5:17:42 PM] 2025/02/09 17:17:42 imports fixes: allImportsFixes: /home/davelopef/testgo/test.go:5:10: expected '(', found newline (and 2 more errors)
	file="/home/davelopef/testgo/test.go"

[Error - 5:17:57 PM] 2025/02/09 17:17:57 signature help failed: cannot get type for Fun *ast.SelectorExpr (&{fmt Printl})
	position=5:11

[Info  - 5:18:10 PM] 2025/02/09 17:18:10 background imports cache refresh starting

[Info  - 5:18:10 PM] 2025/02/09 17:18:10 background refresh finished after 1.929375ms

[Info  - 5:20:25 PM] 2025/02/09 17:20:25 background imports cache refresh starting

[Info  - 5:20:25 PM] 2025/02/09 17:20:25 background refresh finished after 1.549402ms

[Error - 6:44:29 PM] 2025/02/09 18:44:29 imports fixes: allImportsFixes: /home/davelopef/testgo/test.go:7:7: expected type, found newline
	file="/home/davelopef/testgo/test.go"

[Error - 6:44:34 PM] 2025/02/09 18:44:34 imports fixes: allImportsFixes: /home/davelopef/testgo/test.go:7:7: expected type, found newline
	file="/home/davelopef/testgo/test.go"

[Error - 6:44:35 PM] 2025/02/09 18:44:35 imports fixes: allImportsFixes: /home/davelopef/testgo/test.go:7:8: expected type, found newline
	file="/home/davelopef/testgo/test.go"

[Error - 6:44:35 PM] 2025/02/09 18:44:35 imports fixes: allImportsFixes: /home/davelopef/testgo/test.go:7:10: expected type, found newline
	file="/home/davelopef/testgo/test.go"

[Info  - 6:44:56 PM] 2025/02/09 18:44:56 background imports cache refresh starting

[Info  - 6:44:56 PM] 2025/02/09 18:44:56 background refresh finished after 1.640018ms

[Info  - 6:45:26 PM] 2025/02/09 18:45:26 background imports cache refresh starting

[Info  - 6:45:26 PM] 2025/02/09 18:45:26 background refresh finished after 1.705923ms

[Info  - 6:46:10 PM] 2025/02/09 18:46:10 background imports cache refresh starting

[Info  - 6:46:10 PM] 2025/02/09 18:46:10 background refresh finished after 1.808899ms

[Info  - 6:46:42 PM] 2025/02/09 18:46:42 background imports cache refresh starting

[Info  - 6:46:42 PM] 2025/02/09 18:46:42 background refresh finished after 1.548986ms

[Info  - 7:13:49 PM] 2025/02/09 19:13:49 Shutdown session
	shutdown_session=1

