[Info  - 7:19:23 PM] 2025/02/11 19:19:23 Created View (#1)
	directory=/home/davelopef/testgo
	view_type="GoMod"
	root_dir="file:///home/davelopef/testgo"
	go_version="go version go1.23.6 linux/amd64"
	build_flags=[]
	env={GOOS:linux GOARCH:amd64 GOCACHE:/home/davelopef/.cache/go-build GOMODCACHE:/home/davelopef/go/pkg/mod GOPATH:/home/davelopef/go GOPRIVATE: GOFLAGS: GO111MODULE: GOTOOLCHAIN:auto GOROOT:/usr/lib/go GoVersion:23 GoVersionOutput:go version go1.23.6 linux/amd64
 ExplicitGOWORK: EffectiveGOPACKAGESDRIVER:}
	env_overlay=[]

[Info  - 7:19:25 PM] 2025/02/11 19:19:25 go/packages.Load #1
	view_id="1"
	snapshot=0
	directory=/home/davelopef/testgo
	query=[/home/davelopef/testgo/... builtin]
	packages=2
	duration=1.517248957s

[Error - 7:19:38 PM] 2025/02/11 19:19:38 imports fixes: allImportsFixes: /home/davelopef/testgo/test.go:26:30: missing ',' before newline in argument list (and 6 more errors)
	file="/home/davelopef/testgo/test.go"

[Info  - 7:19:53 PM] 2025/02/11 19:19:53 background imports cache refresh starting

[Info  - 7:19:55 PM] 2025/02/11 19:19:55 background refresh finished after 1.407644051s

[Info  - 7:21:12 PM] 2025/02/11 19:21:12 background imports cache refresh starting

[Info  - 7:21:12 PM] 2025/02/11 19:21:12 background refresh finished after 1.113841ms

